[debug] [2021-05-06T20:00:36.233Z] ----------------------------------------------------------------------
[debug] [2021-05-06T20:00:36.242Z] Command:       C:\Program Files\nodejs\node.exe C:\Users\Alberto Osorio\AppData\Roaming\npm\node_modules\firebase-tools\lib\bin\firebase.js init
[debug] [2021-05-06T20:00:36.243Z] CLI Version:   9.10.2
[debug] [2021-05-06T20:00:36.244Z] Platform:      win32
[debug] [2021-05-06T20:00:36.244Z] Node Version:  v14.16.1
[debug] [2021-05-06T20:00:36.250Z] Time:          Thu May 06 2021 15:00:36 GMT-0500 (hora de verano central)
[debug] [2021-05-06T20:00:36.251Z] ----------------------------------------------------------------------
[debug] 
[debug] [2021-05-06T20:00:36.285Z] > command requires scopes: ["email","openid","https://www.googleapis.com/auth/cloudplatformprojects.readonly","https://www.googleapis.com/auth/firebase","https://www.googleapis.com/auth/cloud-platform"]
[debug] [2021-05-06T20:00:36.286Z] > authorizing via signed-in user (osorio.garcia.alberto.ipn@gmail.com)
[info] 
     ######## #### ########  ######## ########     ###     ######  ########
     ##        ##  ##     ## ##       ##     ##  ##   ##  ##       ##
     ######    ##  ########  ######   ########  #########  ######  ######
     ##        ##  ##    ##  ##       ##     ## ##     ##       ## ##
     ##       #### ##     ## ######## ########  ##     ##  ######  ########

You're about to initialize a Firebase project in this directory:

  C:\Users\Alberto Osorio\Desktop\6to Semestre\Desarrollo Web\2do parcial\Proyecto

[info] 
=== Project Setup
[info] 
[info] First, let's associate this project directory with a Firebase project.
[info] You can create multiple project aliases by running firebase use --add, 
[info] but for now we'll just set up a default project.
[info] 
[debug] [2021-05-06T20:01:01.149Z] >>> [apiv2][query] GET https://firebase.googleapis.com/v1beta1/projects pageSize=100
[debug] [2021-05-06T20:01:01.525Z] <<< [apiv2][status] GET https://firebase.googleapis.com/v1beta1/projects 200
[debug] [2021-05-06T20:01:01.525Z] <<< [apiv2][body] GET https://firebase.googleapis.com/v1beta1/projects [omitted]
[info] i  Using project la-noche-d5321 (La-Noche) 
[info] 
=== Hosting Setup
[info] 
[info] Your public directory is the folder (relative to your project directory) that
[info] will contain Hosting assets to be uploaded with firebase deploy. If you
[info] have a build process for your assets, use your build's output directory.
[info] 
[debug] [2021-05-06T20:01:24.100Z] >>> [apiv2][query] GET https://www.gstatic.com/firebasejs/releases.json [none]
[debug] [2021-05-06T20:01:24.192Z] <<< [apiv2][status] GET https://www.gstatic.com/firebasejs/releases.json 200
[debug] [2021-05-06T20:01:24.192Z] <<< [apiv2][body] GET https://www.gstatic.com/firebasejs/releases.json {"current":{"version":"8.5.0","browserURL":"https://www.gstatic.com/firebasejs/8.5.0/firebase.js","packageURL":"https://www.gstatic.com/firebasejs/8.5.0/firebase.tgz"},"live":{"version":"8.5","browserURL":"https://www.gstatic.com/firebasejs/live/8.5/firebase.js","packageURL":"https://www.gstatic.com/firebasejs/live/8.5/firebase.tgz"},"components":{"analytics":"https://www.gstatic.com/firebasejs/8.5.0/firebase-analytics.js","app":"https://www.gstatic.com/firebasejs/8.5.0/firebase-app.js","auth":"https://www.gstatic.com/firebasejs/8.5.0/firebase-auth.js","database":"https://www.gstatic.com/firebasejs/8.5.0/firebase-database.js","firestore":"https://www.gstatic.com/firebasejs/8.5.0/firebase-firestore.js","functions":"https://www.gstatic.com/firebasejs/8.5.0/firebase-functions.js","installations":"https://www.gstatic.com/firebasejs/8.5.0/firebase-installations.js","messaging":"https://www.gstatic.com/firebasejs/8.5.0/firebase-messaging.js","storage":"https://www.gstatic.com/firebasejs/8.5.0/firebase-storage.js","performance":"https://www.gstatic.com/firebasejs/8.5.0/firebase-performance.js","remote-config":"https://www.gstatic.com/firebasejs/8.5.0/firebase-remote-config.js","firestore.memory":"https://www.gstatic.com/firebasejs/8.5.0/firebase-firestore.memory.js"}}
[info] +  Wrote public/index.html 
[info] 
[info] i  Didn't detect a .git folder. Assuming C:\Users\Alberto Osorio\Desktop\6to Semestre\Desarrollo Web\2do parcial\Proyecto is the project root. 
[info] i  Authorizing with GitHub to upload your service account to a GitHub repository's secrets store. 
[info] 
[info] Visit this URL on this device to log in:
[info] https://github.com/login/oauth/authorize?client_id=89cf50f02ac6aaed3484&state=545630465&redirect_uri=http%3A%2F%2Flocalhost%3A9005&scope=read%3Auser%20repo%20public_repo
[info] 
[info] Waiting for authentication...
[debug] [2021-05-06T20:01:56.229Z] >>> HTTP REQUEST POST https://github.com/login/oauth/access_token  
 {"client_id":"89cf50f02ac6aaed3484","client_secret":"3330d14abc895d9a74d5f17cd7a00711fa2c5bf0","code":"2596651cc1429b3c388c","redirect_uri":"http://localhost:9005","state":"545630465"}
[debug] [2021-05-06T20:01:56.636Z] <<< HTTP RESPONSE 200 {"server":"GitHub.com","date":"Thu, 06 May 2021 20:01:53 GMT","content-type":"application/json; charset=utf-8","transfer-encoding":"chunked","vary":"X-PJAX, Accept-Encoding, Accept, X-Requested-With","permissions-policy":"interest-cohort=()","etag":"W/\"b05696bd02680d722829d12d841b0108\"","cache-control":"max-age=0, private, must-revalidate","strict-transport-security":"max-age=31536000; includeSubdomains; preload","x-frame-options":"deny","x-content-type-options":"nosniff","x-xss-protection":"0","referrer-policy":"origin-when-cross-origin, strict-origin-when-cross-origin","expect-ct":"max-age=2592000, report-uri=\"https://api.github.com/_private/browser/errors\"","content-security-policy":"default-src 'none'; base-uri 'self'; block-all-mixed-content; connect-src 'self' uploads.github.com www.githubstatus.com collector.githubapp.com api.github.com github-cloud.s3.amazonaws.com github-production-repository-file-5c1aeb.s3.amazonaws.com github-production-upload-manifest-file-7fdce7.s3.amazonaws.com github-production-user-asset-6210df.s3.amazonaws.com cdn.optimizely.com logx.optimizely.com/v1/events wss://alive.github.com; font-src github.githubassets.com; form-action 'self' github.com gist.github.com; frame-ancestors 'none'; frame-src render.githubusercontent.com; img-src 'self' data: github.githubassets.com identicons.github.com collector.githubapp.com github-cloud.s3.amazonaws.com secured-user-images.githubusercontent.com/ *.githubusercontent.com; manifest-src 'self'; media-src 'none'; script-src github.githubassets.com; style-src 'unsafe-inline' github.githubassets.com; worker-src github.com/socket-worker-3f088aa2.js gist.github.com/socket-worker-3f088aa2.js","x-github-request-id":"5F50:3BE8:6BF4E:AE185:60944B31"}
[debug] [2021-05-06T20:01:56.677Z] >>> [apiv2][query] GET https://api.github.com/user [none]
[debug] [2021-05-06T20:01:57.378Z] <<< [apiv2][status] GET https://api.github.com/user 200
[debug] [2021-05-06T20:01:57.379Z] <<< [apiv2][body] GET https://api.github.com/user {"login":"AlbertOso116","id":83786949,"node_id":"MDQ6VXNlcjgzNzg2OTQ5","avatar_url":"https://avatars.githubusercontent.com/u/83786949?v=4","gravatar_id":"","url":"https://api.github.com/users/AlbertOso116","html_url":"https://github.com/AlbertOso116","followers_url":"https://api.github.com/users/AlbertOso116/followers","following_url":"https://api.github.com/users/AlbertOso116/following{/other_user}","gists_url":"https://api.github.com/users/AlbertOso116/gists{/gist_id}","starred_url":"https://api.github.com/users/AlbertOso116/starred{/owner}{/repo}","subscriptions_url":"https://api.github.com/users/AlbertOso116/subscriptions","organizations_url":"https://api.github.com/users/AlbertOso116/orgs","repos_url":"https://api.github.com/users/AlbertOso116/repos","events_url":"https://api.github.com/users/AlbertOso116/events{/privacy}","received_events_url":"https://api.github.com/users/AlbertOso116/received_events","type":"User","site_admin":false,"name":null,"company":null,"blog":"","location":null,"email":null,"hireable":null,"bio":null,"twitter_username":null,"public_repos":0,"public_gists":0,"followers":0,"following":0,"created_at":"2021-05-06T19:56:00Z","updated_at":"2021-05-06T19:57:00Z","private_gists":0,"total_private_repos":0,"owned_private_repos":0,"disk_usage":0,"collaborators":0,"two_factor_authentication":false,"plan":{"name":"free","space":976562499,"collaborators":0,"private_repos":10000}}
[info] 
[info] +  Success! Logged into GitHub as AlbertOso116 
[info] 
[debug] [2021-05-06T20:02:46.189Z] >>> [apiv2][query] GET https://api.github.com/repos//actions/secrets/public-key type=owner
[debug] [2021-05-06T20:02:46.482Z] <<< [apiv2][status] GET https://api.github.com/repos//actions/secrets/public-key 404
[debug] [2021-05-06T20:02:46.483Z] <<< [apiv2][body] GET https://api.github.com/repos//actions/secrets/public-key {"message":"Not Found","documentation_url":"https://docs.github.com/rest"}
[debug] [2021-05-06T20:03:37.604Z] >>> [apiv2][query] GET https://api.github.com/repos/No/actions/secrets/public-key type=owner
[debug] [2021-05-06T20:03:38.977Z] <<< [apiv2][status] GET https://api.github.com/repos/No/actions/secrets/public-key 404
[debug] [2021-05-06T20:03:38.977Z] <<< [apiv2][body] GET https://api.github.com/repos/No/actions/secrets/public-key {"message":"Not Found","documentation_url":"https://docs.github.com/rest"}
[debug] [2021-05-06T20:03:43.045Z] >>> [apiv2][query] GET https://api.github.com/repos/not/actions/secrets/public-key type=owner
[debug] [2021-05-06T20:03:43.340Z] <<< [apiv2][status] GET https://api.github.com/repos/not/actions/secrets/public-key 404
[debug] [2021-05-06T20:03:43.340Z] <<< [apiv2][body] GET https://api.github.com/repos/not/actions/secrets/public-key {"message":"Not Found","documentation_url":"https://docs.github.com/rest"}
[debug] [2021-05-06T20:03:57.748Z] >>> [apiv2][query] GET https://api.github.com/repos/n/actions/secrets/public-key type=owner
[debug] [2021-05-06T20:03:58.985Z] <<< [apiv2][status] GET https://api.github.com/repos/n/actions/secrets/public-key 404
[debug] [2021-05-06T20:03:58.986Z] <<< [apiv2][body] GET https://api.github.com/repos/n/actions/secrets/public-key {"message":"Not Found","documentation_url":"https://docs.github.com/rest"}
[debug] [2021-05-06T20:04:02.205Z] >>> [apiv2][query] GET https://api.github.com/repos/y/actions/secrets/public-key type=owner
[debug] [2021-05-06T20:04:02.451Z] <<< [apiv2][status] GET https://api.github.com/repos/y/actions/secrets/public-key 404
[debug] [2021-05-06T20:04:02.451Z] <<< [apiv2][body] GET https://api.github.com/repos/y/actions/secrets/public-key {"message":"Not Found","documentation_url":"https://docs.github.com/rest"}
